<?xml version="1.0" encoding="UTF-8"?>
<testng-results ignored="0" total="2" passed="2" failed="0" skipped="0">
  <reporter-output>
  </reporter-output>
  <suite started-at="2023-09-18T13:47:59 IST" name="Default suite" finished-at="2023-09-18T13:48:11 IST" duration-ms="12726">
    <groups>
      <group name="cucumber">
        <method signature="AbstractTestNGCucumberTests.runScenario(io.cucumber.testng.PickleWrapper,io.cucumber.testng.FeatureWrapper)[pri:0, instance:testrunner.TestRunner@7ce026d3]" name="runScenario" class="io.cucumber.testng.AbstractTestNGCucumberTests"/>
      </group> <!-- cucumber -->
    </groups>
    <test started-at="2023-09-18T13:47:59 IST" name="Default test" finished-at="2023-09-18T13:48:11 IST" duration-ms="12726">
      <class name="testrunner.TestRunner">
        <test-method is-config="true" signature="setUpClass(org.testng.ITestContext)[pri:0, instance:testrunner.TestRunner@7ce026d3]" started-at="2023-09-18T13:47:59 IST" name="setUpClass" finished-at="2023-09-18T13:47:59 IST" duration-ms="651" status="PASS">
          <params>
            <param index="0">
              <value>
                <![CDATA[org.testng.TestRunner@45e6d1e0]]>
              </value>
            </param>
          </params>
          <reporter-output>
          </reporter-output>
        </test-method> <!-- setUpClass -->
        <test-method signature="runScenario(io.cucumber.testng.PickleWrapper,io.cucumber.testng.FeatureWrapper)[pri:0, instance:testrunner.TestRunner@7ce026d3]" started-at="2023-09-18T13:47:59 IST" name="runScenario" description="Runs Cucumber Scenarios" data-provider="scenarios" finished-at="2023-09-18T13:48:08 IST" duration-ms="8348" status="PASS">
          <params>
            <param index="0">
              <value>
                <![CDATA["user login to the bookcart"]]>
              </value>
            </param>
            <param index="1">
              <value>
                <![CDATA["user buy a book from bookcart website"]]>
              </value>
            </param>
          </params>
          <reporter-output>
          </reporter-output>
        </test-method> <!-- runScenario -->
        <test-method signature="runScenario(io.cucumber.testng.PickleWrapper,io.cucumber.testng.FeatureWrapper)[pri:0, instance:testrunner.TestRunner@7ce026d3]" started-at="2023-09-18T13:48:08 IST" name="runScenario" description="Runs Cucumber Scenarios" data-provider="scenarios" finished-at="2023-09-18T13:48:11 IST" duration-ms="3614" status="PASS">
          <params>
            <param index="0">
              <value>
                <![CDATA["user login to the bookcart"]]>
              </value>
            </param>
            <param index="1">
              <value>
                <![CDATA["user buy a book from bookcart website"]]>
              </value>
            </param>
          </params>
          <reporter-output>
          </reporter-output>
        </test-method> <!-- runScenario -->
        <test-method is-config="true" signature="tearDownClass()[pri:0, instance:testrunner.TestRunner@7ce026d3]" started-at="2023-09-18T13:48:11 IST" name="tearDownClass" finished-at="2023-09-18T13:48:11 IST" duration-ms="53" status="PASS">
          <reporter-output>
          </reporter-output>
        </test-method> <!-- tearDownClass -->
      </class> <!-- testrunner.TestRunner -->
    </test> <!-- Default test -->
  </suite> <!-- Default suite -->
</testng-results>
